<?xml version="1.0" encoding="UTF-8"?>
<testsuite xmlns:xsi="http://www.w3.org/2001/XMLSchema-instance" xsi:noNamespaceSchemaLocation="https://maven.apache.org/surefire/maven-surefire-plugin/xsd/surefire-test-report-3.0.xsd" version="3.0" name="com.my.group.drtamiproject.application.components.samplecomponent.SampleComponentTest" time="2.754" tests="3" errors="0" skipped="0" failures="0">
  <properties>
[...]
</properties>
  <testcase name="testGetSamplePropertyWhenValueNotSet" classname="com.my.group.drtamiproject.application.components.samplecomponent.SampleComponentTest" time="2.374"/>
  <testcase name="testGetSampleProperty" classname="com.my.group.drtamiproject.application.components.samplecomponent.SampleComponentTest" time="0.104"/>
  <testcase name="testGetSamplePropertyWhenValueIsEmpty" classname="com.my.group.drtamiproject.application.components.samplecomponent.SampleComponentTest" time="0.087"/>
</testsuite>